<?xml version="1.0" encoding="UTF-8"?>
<!-- Generated by org.testng.reporters.JUnitXMLReporter -->
<testsuite hostname="SONERs-iMac.lan1" name="hub spot Sanity Test" tests="3" failures="0" timestamp="5 Jan 2020 20:01:08 GMT" time="32.045" errors="0">
  <testcase name="loginPageTitleTest" time="0.958" classname="com.hubspot.tests.LoginPageTest"/>
  <testcase name="loginTest1" time="4.743" classname="com.hubspot.tests.LoginPageTest"/>
  <testcase name="loginTest2" time="4.658" classname="com.hubspot.tests.LoginPageTest"/>
</testsuite> <!-- hub spot Sanity Test -->
