<?xml version="1.0" encoding="UTF-8"?>
<testng-results skipped="0" failed="0" total="3" passed="3">
  <reporter-output>
  </reporter-output>
  <suite name="Hub Spot Test Sanity Suite" duration-ms="32045" started-at="2020-01-05T20:00:36Z" finished-at="2020-01-05T20:01:08Z">
    <groups>
    </groups>
    <test name="hub spot Sanity Test" duration-ms="32045" started-at="2020-01-05T20:00:36Z" finished-at="2020-01-05T20:01:08Z">
      <class name="com.hubspot.tests.LoginPageTest">
        <test-method status="PASS" signature="setUp()[pri:0, instance:com.hubspot.tests.LoginPageTest@36b0fcd5]" name="setUp" is-config="true" duration-ms="8447" started-at="2020-01-05T14:00:36Z" finished-at="2020-01-05T14:00:44Z">
          <reporter-output>
          </reporter-output>
        </test-method> <!-- setUp -->
        <test-method status="PASS" signature="loginPageTitleTest()[pri:1, instance:com.hubspot.tests.LoginPageTest@36b0fcd5]" name="loginPageTitleTest" duration-ms="958" started-at="2020-01-05T14:00:44Z" description="This method is getting title" finished-at="2020-01-05T14:00:45Z">
          <reporter-output>
          </reporter-output>
        </test-method> <!-- loginPageTitleTest -->
        <test-method status="PASS" signature="tearDown()[pri:0, instance:com.hubspot.tests.LoginPageTest@36b0fcd5]" name="tearDown" is-config="true" duration-ms="89" started-at="2020-01-05T14:00:45Z" finished-at="2020-01-05T14:00:45Z">
          <reporter-output>
          </reporter-output>
        </test-method> <!-- tearDown -->
        <test-method status="PASS" signature="setUp()[pri:0, instance:com.hubspot.tests.LoginPageTest@36b0fcd5]" name="setUp" is-config="true" duration-ms="6355" started-at="2020-01-05T14:00:45Z" finished-at="2020-01-05T14:00:52Z">
          <reporter-output>
          </reporter-output>
        </test-method> <!-- setUp -->
        <test-method status="PASS" signature="loginTest1()[pri:2, instance:com.hubspot.tests.LoginPageTest@36b0fcd5]" name="loginTest1" duration-ms="4743" started-at="2020-01-05T14:00:52Z" description="Valid username, invalid password" finished-at="2020-01-05T14:00:57Z">
          <reporter-output>
          </reporter-output>
        </test-method> <!-- loginTest1 -->
        <test-method status="PASS" signature="tearDown()[pri:0, instance:com.hubspot.tests.LoginPageTest@36b0fcd5]" name="tearDown" is-config="true" duration-ms="129" started-at="2020-01-05T14:00:57Z" finished-at="2020-01-05T14:00:57Z">
          <reporter-output>
          </reporter-output>
        </test-method> <!-- tearDown -->
        <test-method status="PASS" signature="setUp()[pri:0, instance:com.hubspot.tests.LoginPageTest@36b0fcd5]" name="setUp" is-config="true" duration-ms="6521" started-at="2020-01-05T14:00:57Z" finished-at="2020-01-05T14:01:03Z">
          <reporter-output>
          </reporter-output>
        </test-method> <!-- setUp -->
        <test-method status="PASS" signature="loginTest2()[pri:3, instance:com.hubspot.tests.LoginPageTest@36b0fcd5]" name="loginTest2" duration-ms="4658" started-at="2020-01-05T14:01:03Z" description="valid username valid password" finished-at="2020-01-05T14:01:08Z">
          <reporter-output>
          </reporter-output>
        </test-method> <!-- loginTest2 -->
        <test-method status="PASS" signature="tearDown()[pri:0, instance:com.hubspot.tests.LoginPageTest@36b0fcd5]" name="tearDown" is-config="true" duration-ms="92" started-at="2020-01-05T14:01:08Z" finished-at="2020-01-05T14:01:08Z">
          <reporter-output>
          </reporter-output>
        </test-method> <!-- tearDown -->
      </class> <!-- com.hubspot.tests.LoginPageTest -->
    </test> <!-- hub spot Sanity Test -->
  </suite> <!-- Hub Spot Test Sanity Suite -->
</testng-results>
